http://218.4.189.213/CorpSel/Corp_info.aspx?corp_id=4776102:
注册号: 421A045E02A31D431A2D34583D76C8E2
企业名称: 0D1E26972F947F3EB8897A58E7AC9220630BAFD90570CD51
法定代表人: 12C7B1080DE5C691
公司地址: 5C7E013A74BEED9A9842B96DB11D1620E659BC26FCB29DAAA8F93C1ABE074168
注册资本: 7A5559953F5E2542E980779A8B10F6F7
联系电话: F4CA463AA7D76572EAB498C628494E5E
邮政编码: AE2FE3DC01590DB1
行业: 8C767C496A6B59F8FB0EBAE76246358615FF44E5BCC7D258
管区: CE1FEA245EF302EF398C8018476E8D1D0CB29257629449ED9282F04E67992324F14480877E258E0E
开业日期: FB50048E1F692BC34D11C3719F9AF749
登记机关: CE1FEA245EF302EF398C8018476E8D1D0CB29257629449ED407ED8EFFA9704A6
企业类型: 2920ECE5A3AF67CC666DB3D888EC866B495C2CF74D9E5731

4776102
421A045E02A31D431A2D34583D76C8E2
0D1E26972F947F3EB8897A58E7AC9220630BAFD90570CD51
12C7B1080DE5C691
5C7E013A74BEED9A9842B96DB11D1620E659BC26FCB29DAAA8F93C1ABE074168
7A5559953F5E2542E980779A8B10F6F7
F4CA463AA7D76572EAB498C628494E5E
AE2FE3DC01590DB1
8C767C496A6B59F8FB0EBAE76246358615FF44E5BCC7D258
CE1FEA245EF302EF398C8018476E8D1D0CB29257629449ED9282F04E67992324F14480877E258E0E
FB50048E1F692BC34D11C3719F9AF749
CE1FEA245EF302EF398C8018476E8D1D0CB29257629449ED407ED8EFFA9704A6
2920ECE5A3AF67CC666DB3D888EC866B495C2CF74D9E5731

1342541
D3A685A0B6F9C80836478FD18F965312
D9A7B3A47B9C28B284B9E092B83310B0E734749F82ECF73A
7110C2C58C200BF6
28B31F19A4F8A8E57A76854EB422CE177FA605AD0D8756AB
75681B7DF3D461BAEB767154270659C6
3105BC5C43589480FB9618C945B23F7B
F2E8403D5DACC0BE
213E1D7E6162E1D1BA6545346C8CDC86850A22AB928008A8
D9A7B3A47B9C28B2C3C2946E1CA404AF4B93495224721C5F5ACE828C222AFA8F869F88FF3B67602B
5F6B91F2D3C4F1516DAEA49BD622CBA5
D9A7B3A47B9C28B2C3C2946E1CA404AF4B93495224721C5F39D9D7F91F7EED37
93764F9A9191C11812C55B8DF7CD20B2

1342573
D3A685A0B6F9C808F7FB28BE6E5E8F46
D9A7B3A47B9C28B22E3A66DF10C2761F3A9E109BAED1484C
C24EB9816548F03C
DF015A98F154C3A1698CD5A4496EBF6F209CC3272D68CD29
5A577BBB5481A3937D02DE55BAFA141B
C97E4C803CF7510CDC027DCDF742AAE8
0F1AD0B3D22A3C73
E869DB3F24432121E8BA3E2A4BF8062783A0A5BA04E47512E1B6425DDFAD3BFE
D9A7B3A47B9C28B2C3C2946E1CA404AF4B93495224721C5FFA02BD27C36FE97765C155BAC42030B1
94B18036D608BE8551C885BACBF331F1
D9A7B3A47B9C28B2C3C2946E1CA404AF4B93495224721C5F39D9D7F91F7EED37
93764F9A9191C11812C55B8DF7CD20B2

587500
DEB8D8EA4E2ABBDB9188C073602FE85B
40E4972E6CF94E84C9771D93CEE76DD7BB76335D16C4F2182CFC2C88B44751B58D9C5DBB2041E610
6295D16B4BA8B536
40E4972E6CF94E84C9771D93CEE76DD74C6EBD4CCBFD1ECEF799F45A4D7FBF79
81BDA067DBF4028A
6CF7E9D410057CDB
A702C074895C696D
B28432EB523E8DA90F125723AE39D4062FAE77E0676D8773
A828D4208A6F3CDA13E65705ACCA63639D296EB838BD333A
BAE90686A24A2BC871E0931F0B363431
CE1FEA245EF302EF398C8018476E8D1D51F1B9E914B36CA39D0DEDC9DD855053
93764F9A9191C11812C55B8DF7CD20B2

2227414
EEE84D7F2C9B409C2E3C6102F038D0B2D29A76258BCD7B84
49BCA5409DC779B190B0522CC756622FAABC7E2B7AC71CACD0733E100C859691
83F5CB53869DC0A9
79B3248DA05207C8EAB873C0C92B407AA0DD1A594A16430DBC5DBC7BC41D6FD5
E4C34F3BE78D5AF763A9FA383D7C4398
A4026BCF76877B3E323BFED253803419
DD0907163BEAB88E
6321B5EC4AC682BF9BE0558DC0B35A4C4D34E58ADB5B5B3D
452E86AC5CA149B040F6ED1369D7187349BE77621F02AE80D0059ABBC144DFC7
58D25B7D08685E55556FCFBBF3BF5E86
452E86AC5CA149B040F6ED1369D718737378822C74CD2E0318FA177B4D7BBD919F1AC0DD6A42CEA5
B6796AC0ED1367DA242704C6B3DF9F0B0217C7FE7232D1507AEF69EF85A98DFA

2227409
EEE84D7F2C9B409CEE0BCBF8944F5CCC895EF5A1D33C6CD5
5E5515C3ECF43F9817EE5060960F5D70CBB391D8D1E0E6F02D9B535371E23146
CC062CAC7D3CA3AE
79B3248DA05207C80E3F249F6FB03CACEDCC7CF5E7213176B47106536ABD805C
195C35EB34B8B24F1D884ED19A0E371F
77D4E55E5411F9B44A562CDE5F68BE10
4D977A4F61F5A221
6321B5EC4AC682BF9BE0558DC0B35A4C4D34E58ADB5B5B3D
452E86AC5CA149B040F6ED1369D7187349BE77621F02AE80D0059ABBC144DFC7
FC0AB401B5255126B930895B925417DF
452E86AC5CA149B040F6ED1369D718737378822C74CD2E0318FA177B4D7BBD919F1AC0DD6A42CEA5
B6796AC0ED1367DA242704C6B3DF9F0B0217C7FE7232D1507AEF69EF85A98DFA

562696
D1E81829973A9C5423384394C9574D39
F6549EDD2151D47AD0F82E75AE1CEB6A4D36B4E2845A2217
DACAE6044E2ED0FA
5BEC14B8DEC220BEB757EE79EE08AF502CF52CFD3B5A2F19
F3BC671EA66E1A1C752545C53E4B3AAA
2960520BF00490538954D845F07EC340
E188DCA85647103F
7B1B989CB2247DB2505ED6F0EF1554FC85B2D3D8C16D3D6CFAFE72B5BF49FF9C0508AAEADC80F226
CE1FEA245EF302EF398C8018476E8D1D51F1B9E914B36CA36945A88B703C96A06A0A157129013D57
0A77343F8F06E9FFEA93C50F44DB10E0
CE1FEA245EF302EF398C8018476E8D1D51F1B9E914B36CA39D0DEDC9DD855053
93764F9A9191C11812C55B8DF7CD20B2

562706
D1E81829973A9C543B9EAEEAF69DBA45
30F76DED945EFB57E2266220058B508DA484D9C4266BA00C56CE71F7473E5D59CCEE03AFA3C16504C98DE60E59BBA6A9958DF53F2F877847
DACAE6044E2ED0FA
C41874D147D9F6E8CCC823EF47E01A2DA95A000199D620F4
1A9B63223EAC8ACE6E22E59215A5D505
2960520BF00490538954D845F07EC340
E188DCA85647103F
89F8CFA0BF9A5F3083BA316D9BCB8D581B861B5EB4851E92
CE1FEA245EF302EF398C8018476E8D1D51F1B9E914B36CA36945A88B703C96A06A0A157129013D57
0A77343F8F06E9FFEA93C50F44DB10E0
CE1FEA245EF302EF398C8018476E8D1D51F1B9E914B36CA39D0DEDC9DD855053
93764F9A9191C11812C55B8DF7CD20B2

13488820
96344B7F0B6ED2529CD6F76F87D69C02
24DC87E1BCE874485851DA4BB3BB47DCCEFB0A60E2495CC7
51A7518C89AEA913
59DD3350663BB02B485AAFC3A34EC77D4194EB3F03912593
7A5559953F5E2542E980779A8B10F6F7
44482F491B75420CA817E7D7C5FAE774
D9A0606B423DB97B
FE91D4F63FD2A46FA90E003E6A4A1A28F2AFFEFF6122ED7E
13B33C18A9530875CB51B550ADE29F45015828C32AA959F400B9441CAC8B4CB34C31914BA275E1A7
A16022C405CE77900279E09978342B9A
13B33C18A9530875CB51B550ADE29F45015828C32AA959F475D0EDC71FE5111B
09439FDB13C10E5496CB6B67AA786EEC

